====================================================================================================
Mon 10 Sep 04:50:39 CDT 2018 -- Working on
        -- Name: My.Teacher.My.Obsession.2018.HDRip.XviD.AC3-EVO
        -- ID: c449263f3655b03f341180129e5c51898e710e4c
        -- Location: /media/sdaj1/your_home_dir/private/deluge/tl
        -- File: My Teacher My Obsession 2018 HDRip XviD AC3-EVO.torrent
  -----------------------------------------------------------------------------------------------
  Tracker status: torrentleech.org: Error: unregistered torrent
  Good announce eludes me.  Trying to pause and resume to retrigger.  Attempt: 1
  ... Pausing My Teacher My Obsession 2018 HDRip XviD AC3-EVO.torrent for .5 seconds
  ... Resumed My Teacher My Obsession 2018 HDRip XviD AC3-EVO.torrent
  Bingo! I got My Teacher My Obsession 2018 HDRip XviD AC3-EVO.torrent on retry 1
====================================================================================================
====================================================================================================
Mon 10 Sep 05:20:38 CDT 2018 -- Working on
        -- Name: Alien.Siege.2018.BRRip.XviD.AC3-EVO
        -- ID: a8ae7beca3d94bc8a46eda20d2a6460add42c6f2
        -- Location: /media/sdaj1/your_home_dir/private/deluge/tl
        -- File: Alien Siege 2018 BRRip XviD AC3-EVO.torrent
  -----------------------------------------------------------------------------------------------
  Tracker status: torrentleech.org: Error: unregistered torrent
  Good announce eludes me.  Trying to pause and resume to retrigger.  Attempt: 1
  ... Pausing Alien Siege 2018 BRRip XviD AC3-EVO.torrent for .5 seconds
  ... Resumed Alien Siege 2018 BRRip XviD AC3-EVO.torrent
  Good announce eludes me.  Trying to pause and resume to retrigger.  Attempt: 2
  ... Pausing Alien Siege 2018 BRRip XviD AC3-EVO.torrent for .5 seconds
  ... Resumed Alien Siege 2018 BRRip XviD AC3-EVO.torrent
  Good announce eludes me.  Trying to pause and resume to retrigger.  Attempt: 3
  ... Pausing Alien Siege 2018 BRRip XviD AC3-EVO.torrent for .5 seconds
  ... Resumed Alien Siege 2018 BRRip XviD AC3-EVO.torrent
  Good announce eludes me.  Trying to pause and resume to retrigger.  Attempt: 4
  ... Pausing Alien Siege 2018 BRRip XviD AC3-EVO.torrent for .5 seconds
  ... Resumed Alien Siege 2018 BRRip XviD AC3-EVO.torrent
  Good announce eludes me.  Trying to pause and resume to retrigger.  Attempt: 5
  ... Pausing Alien Siege 2018 BRRip XviD AC3-EVO.torrent for .5 seconds
  ... Resumed Alien Siege 2018 BRRip XviD AC3-EVO.torrent
  Bingo! I got Alien Siege 2018 BRRip XviD AC3-EVO.torrent on retry 5
====================================================================================================
====================================================================================================
Mon 10 Sep 08:09:19 CDT 2018 -- Working on
        -- Name: Fear.The.Walking.Dead.S04E13.MULTi.1080p.HDTV.x264-HYBRiS
        -- ID: e24c6bac7920a8bbda23d9a06f482eefd4c8af58
        -- Location: /media/sdaj1/your_home_dir/private/deluge/tl
        -- File: Fear The Walking Dead S04E13 MULTi 1080p HDTV x264-HYBRiS.torrent
  -----------------------------------------------------------------------------------------------
  Tracker status: torrentleech.org: Error: unregistered torrent
  Good announce eludes me.  Trying to pause and resume to retrigger.  Attempt: 1
  ... Pausing Fear The Walking Dead S04E13 MULTi 1080p HDTV x264-HYBRiS.torrent for .5 seconds
  ... Resumed Fear The Walking Dead S04E13 MULTi 1080p HDTV x264-HYBRiS.torrent
  Good announce eludes me.  Trying to pause and resume to retrigger.  Attempt: 2
  ... Pausing Fear The Walking Dead S04E13 MULTi 1080p HDTV x264-HYBRiS.torrent for .5 seconds
  ... Resumed Fear The Walking Dead S04E13 MULTi 1080p HDTV x264-HYBRiS.torrent
  Good announce eludes me.  Trying to pause and resume to retrigger.  Attempt: 3
  ... Pausing Fear The Walking Dead S04E13 MULTi 1080p HDTV x264-HYBRiS.torrent for .5 seconds
  ... Resumed Fear The Walking Dead S04E13 MULTi 1080p HDTV x264-HYBRiS.torrent
  Good announce eludes me.  Trying to pause and resume to retrigger.  Attempt: 4
  ... Pausing Fear The Walking Dead S04E13 MULTi 1080p HDTV x264-HYBRiS.torrent for .5 seconds
  ... Resumed Fear The Walking Dead S04E13 MULTi 1080p HDTV x264-HYBRiS.torrent
  Good announce eludes me.  Trying to pause and resume to retrigger.  Attempt: 5
  ... Pausing Fear The Walking Dead S04E13 MULTi 1080p HDTV x264-HYBRiS.torrent for .5 seconds
  ... Resumed Fear The Walking Dead S04E13 MULTi 1080p HDTV x264-HYBRiS.torrent
  Bingo! I got Fear The Walking Dead S04E13 MULTi 1080p HDTV x264-HYBRiS.torrent on retry 5
====================================================================================================
====================================================================================================
Mon 10 Sep 09:10:19 CDT 2018 -- Working on
        -- Name: Fear.The.Walking.Dead.S04E13.720p.HDTV.x264-CRAVERS
        -- ID: ba6b090544f328ee87cc5b7b6a9e168644a92649
        -- Location: /media/sdaj1/your_home_dir/private/deluge/tl
        -- File: Fear The Walking Dead S04E13 720p HDTV x264-CRAVERS.torrent
  -----------------------------------------------------------------------------------------------
  Tracker status: torrentleech.org: Error: unregistered torrent
  Good announce eludes me.  Trying to pause and resume to retrigger.  Attempt: 1
  ... Pausing Fear The Walking Dead S04E13 720p HDTV x264-CRAVERS.torrent for .5 seconds
  ... Resumed Fear The Walking Dead S04E13 720p HDTV x264-CRAVERS.torrent
  Good announce eludes me.  Trying to pause and resume to retrigger.  Attempt: 2
  ... Pausing Fear The Walking Dead S04E13 720p HDTV x264-CRAVERS.torrent for .5 seconds
  ... Resumed Fear The Walking Dead S04E13 720p HDTV x264-CRAVERS.torrent
  Good announce eludes me.  Trying to pause and resume to retrigger.  Attempt: 3
  ... Pausing Fear The Walking Dead S04E13 720p HDTV x264-CRAVERS.torrent for .5 seconds
  ... Resumed Fear The Walking Dead S04E13 720p HDTV x264-CRAVERS.torrent
  Good announce eludes me.  Trying to pause and resume to retrigger.  Attempt: 4
  ... Pausing Fear The Walking Dead S04E13 720p HDTV x264-CRAVERS.torrent for .5 seconds
  ... Resumed Fear The Walking Dead S04E13 720p HDTV x264-CRAVERS.torrent
  Good announce eludes me.  Trying to pause and resume to retrigger.  Attempt: 5
  ... Pausing Fear The Walking Dead S04E13 720p HDTV x264-CRAVERS.torrent for .5 seconds
  ... Resumed Fear The Walking Dead S04E13 720p HDTV x264-CRAVERS.torrent
  Bingo! I got Fear The Walking Dead S04E13 720p HDTV x264-CRAVERS.torrent on retry 5
====================================================================================================
====================================================================================================
Mon 10 Sep 10:12:38 CDT 2018 -- Working on
        -- Name: Fear.The.Walking.Dead.S04E13.HDTV.x264-CRAVERS
        -- ID: a4fc240c8aa0ad54a0ef214afe0f8ce9dbfba08e
        -- Location: /media/sdaj1/your_home_dir/private/deluge/tl
        -- File: Fear The Walking Dead S04E13 HDTV x264-CRAVERS.torrent
  -----------------------------------------------------------------------------------------------
  Tracker status: torrentleech.org: Error: unregistered torrent
  Good announce eludes me.  Trying to pause and resume to retrigger.  Attempt: 1
  ... Pausing Fear The Walking Dead S04E13 HDTV x264-CRAVERS.torrent for .5 seconds
  ... Resumed Fear The Walking Dead S04E13 HDTV x264-CRAVERS.torrent
  Good announce eludes me.  Trying to pause and resume to retrigger.  Attempt: 2
  ... Pausing Fear The Walking Dead S04E13 HDTV x264-CRAVERS.torrent for .5 seconds
  ... Resumed Fear The Walking Dead S04E13 HDTV x264-CRAVERS.torrent
  Good announce eludes me.  Trying to pause and resume to retrigger.  Attempt: 3
  ... Pausing Fear The Walking Dead S04E13 HDTV x264-CRAVERS.torrent for .5 seconds
  ... Resumed Fear The Walking Dead S04E13 HDTV x264-CRAVERS.torrent
  Good announce eludes me.  Trying to pause and resume to retrigger.  Attempt: 4
  ... Pausing Fear The Walking Dead S04E13 HDTV x264-CRAVERS.torrent for .5 seconds
  ... Resumed Fear The Walking Dead S04E13 HDTV x264-CRAVERS.torrent
  Bingo! I got Fear The Walking Dead S04E13 HDTV x264-CRAVERS.torrent on retry 4
====================================================================================================
====================================================================================================
Mon 10 Sep 10:55:59 CDT 2018 -- Working on
        -- Name: The.Krays.Dead.Man.Walking.2018.1080p.WEB-DL.H264.AC3-EVO
        -- ID: c46882a1bca52739d81a4d595036c93db2cfc84d
        -- Location: /media/sdaj1/your_home_dir/private/deluge/tl
        -- File: The Krays Dead Man Walking 2018 1080p WEB-DL H264 AC3-EVO.torrent
  -----------------------------------------------------------------------------------------------
  Tracker status: torrentleech.org: Error: unregistered torrent
  Good announce eludes me.  Trying to pause and resume to retrigger.  Attempt: 1
  ... Pausing The Krays Dead Man Walking 2018 1080p WEB-DL H264 AC3-EVO.torrent for .5 seconds
  ... Resumed The Krays Dead Man Walking 2018 1080p WEB-DL H264 AC3-EVO.torrent
  Good announce eludes me.  Trying to pause and resume to retrigger.  Attempt: 2
  ... Pausing The Krays Dead Man Walking 2018 1080p WEB-DL H264 AC3-EVO.torrent for .5 seconds
  ... Resumed The Krays Dead Man Walking 2018 1080p WEB-DL H264 AC3-EVO.torrent
  Good announce eludes me.  Trying to pause and resume to retrigger.  Attempt: 3
  ... Pausing The Krays Dead Man Walking 2018 1080p WEB-DL H264 AC3-EVO.torrent for .5 seconds
  ... Resumed The Krays Dead Man Walking 2018 1080p WEB-DL H264 AC3-EVO.torrent
  Good announce eludes me.  Trying to pause and resume to retrigger.  Attempt: 4
  ... Pausing The Krays Dead Man Walking 2018 1080p WEB-DL H264 AC3-EVO.torrent for .5 seconds
  ... Resumed The Krays Dead Man Walking 2018 1080p WEB-DL H264 AC3-EVO.torrent
  Good announce eludes me.  Trying to pause and resume to retrigger.  Attempt: 5
  ... Pausing The Krays Dead Man Walking 2018 1080p WEB-DL H264 AC3-EVO.torrent for .5 seconds
  ... Resumed The Krays Dead Man Walking 2018 1080p WEB-DL H264 AC3-EVO.torrent
  Good announce eludes me.  Trying to pause and resume to retrigger.  Attempt: 6
  ... Pausing The Krays Dead Man Walking 2018 1080p WEB-DL H264 AC3-EVO.torrent for .5 seconds
  ... Resumed The Krays Dead Man Walking 2018 1080p WEB-DL H264 AC3-EVO.torrent
  Good announce eludes me.  Trying to pause and resume to retrigger.  Attempt: 7
  ... Pausing The Krays Dead Man Walking 2018 1080p WEB-DL H264 AC3-EVO.torrent for .5 seconds
  ... Resumed The Krays Dead Man Walking 2018 1080p WEB-DL H264 AC3-EVO.torrent
  Bingo! I got The Krays Dead Man Walking 2018 1080p WEB-DL H264 AC3-EVO.torrent on retry 7
====================================================================================================
====================================================================================================
Mon 10 Sep 11:04:49 CDT 2018 -- Working on
        -- Name: The.Krays.Dead.Man.Walking.2018.HDRip.XviD.AC3-EVO
        -- ID: a6973b1846b4f12358aa7e6c04f9b011b950b69b
        -- Location: /media/sdaj1/your_home_dir/private/deluge/tl
        -- File: The Krays Dead Man Walking 2018 HDRip XviD AC3-EVO.torrent
  -----------------------------------------------------------------------------------------------
  Tracker status: torrentleech.org: Error: unregistered torrent
  Good announce eludes me.  Trying to pause and resume to retrigger.  Attempt: 1
  ... Pausing The Krays Dead Man Walking 2018 HDRip XviD AC3-EVO.torrent for .5 seconds
  ... Resumed The Krays Dead Man Walking 2018 HDRip XviD AC3-EVO.torrent
  Bingo! I got The Krays Dead Man Walking 2018 HDRip XviD AC3-EVO.torrent on retry 1
====================================================================================================
====================================================================================================
Mon 10 Sep 11:23:19 CDT 2018 -- Working on
        -- Name: Unfriended.Dark.Web.2018.V2.HC.HDRip.XviD.AC3-EVO
        -- ID: 1c7789bbb3bfc7b6a0e7f2823a2bb9e57f599354
        -- Location: /media/sdaj1/your_home_dir/private/deluge/tl
        -- File: Unfriended Dark Web 2018 V2 HC HDRip XviD AC3-EVO.torrent
  -----------------------------------------------------------------------------------------------
  Tracker status: torrentleech.org: Announce OK
  Woo-hoo... Found Unfriended Dark Web 2018 V2 HC HDRip XviD AC3-EVO.torrent on the first try
====================================================================================================
====================================================================================================
Mon 10 Sep 11:23:51 CDT 2018 -- Working on
        -- Name: Unfriended.Dark.Web.2018.HC.HDRip.XviD.AC3-EVO
        -- ID: 07957e270365d2860fd7bf0177b0b368ed7ead10
        -- Location: /media/sdaj1/your_home_dir/private/deluge/tl
        -- File: Unfriended Dark Web 2018 HC HDRip XviD AC3-EVO.torrent
  -----------------------------------------------------------------------------------------------
  Tracker status: torrentleech.org: Error: unregistered torrent
  Good announce eludes me.  Trying to pause and resume to retrigger.  Attempt: 1
  ... Pausing Unfriended Dark Web 2018 HC HDRip XviD AC3-EVO.torrent for .5 seconds
  ... Resumed Unfriended Dark Web 2018 HC HDRip XviD AC3-EVO.torrent
  Good announce eludes me.  Trying to pause and resume to retrigger.  Attempt: 2
  ... Pausing Unfriended Dark Web 2018 HC HDRip XviD AC3-EVO.torrent for .5 seconds
  ... Resumed Unfriended Dark Web 2018 HC HDRip XviD AC3-EVO.torrent
  Bingo! I got Unfriended Dark Web 2018 HC HDRip XviD AC3-EVO.torrent on retry 2
====================================================================================================
====================================================================================================
Mon 10 Sep 14:07:19 CDT 2018 -- Working on
        -- Name: Alright.Now.2018.HDRip.XviD.AC3-EVO
        -- ID: 1d79d6927e2491f5d82fccf30c93d5d6efd9953f
        -- Location: /media/sdaj1/your_home_dir/private/deluge/tl
        -- File: Alright Now 2018 HDRip XviD AC3-EVO.torrent
  -----------------------------------------------------------------------------------------------
  Tracker status: torrentleech.org: Error: unregistered torrent
  Good announce eludes me.  Trying to pause and resume to retrigger.  Attempt: 1
  ... Pausing Alright Now 2018 HDRip XviD AC3-EVO.torrent for .5 seconds
  ... Resumed Alright Now 2018 HDRip XviD AC3-EVO.torrent
  Good announce eludes me.  Trying to pause and resume to retrigger.  Attempt: 2
  ... Pausing Alright Now 2018 HDRip XviD AC3-EVO.torrent for .5 seconds
  ... Resumed Alright Now 2018 HDRip XviD AC3-EVO.torrent
  Good announce eludes me.  Trying to pause and resume to retrigger.  Attempt: 3
  ... Pausing Alright Now 2018 HDRip XviD AC3-EVO.torrent for .5 seconds
  ... Resumed Alright Now 2018 HDRip XviD AC3-EVO.torrent
  Good announce eludes me.  Trying to pause and resume to retrigger.  Attempt: 4
  ... Pausing Alright Now 2018 HDRip XviD AC3-EVO.torrent for .5 seconds
  ... Resumed Alright Now 2018 HDRip XviD AC3-EVO.torrent
  Good announce eludes me.  Trying to pause and resume to retrigger.  Attempt: 5
  ... Pausing Alright Now 2018 HDRip XviD AC3-EVO.torrent for .5 seconds
  ... Resumed Alright Now 2018 HDRip XviD AC3-EVO.torrent
  Bingo! I got Alright Now 2018 HDRip XviD AC3-EVO.torrent on retry 5
====================================================================================================
====================================================================================================
Mon 10 Sep 14:16:08 CDT 2018 -- Working on
        -- Name: Bad.Cat.The.Movie.2018.HDRip.XviD.AC3-EVO
        -- ID: d09dd45d649472d627b4a393b12d1c4d46f91fab
        -- Location: /media/sdaj1/your_home_dir/private/deluge/tl
        -- File: Bad Cat The Movie 2018 HDRip XviD AC3-EVO.torrent
  -----------------------------------------------------------------------------------------------
  Tracker status: torrentleech.org: Announce Sent
  Good announce eludes me.  Trying to pause and resume to retrigger.  Attempt: 1
  ... Pausing Bad Cat The Movie 2018 HDRip XviD AC3-EVO.torrent for .5 seconds
  ... Resumed Bad Cat The Movie 2018 HDRip XviD AC3-EVO.torrent
  Good announce eludes me.  Trying to pause and resume to retrigger.  Attempt: 2
  ... Pausing Bad Cat The Movie 2018 HDRip XviD AC3-EVO.torrent for .5 seconds
  ... Resumed Bad Cat The Movie 2018 HDRip XviD AC3-EVO.torrent
  Good announce eludes me.  Trying to pause and resume to retrigger.  Attempt: 3
  ... Pausing Bad Cat The Movie 2018 HDRip XviD AC3-EVO.torrent for .5 seconds
  ... Resumed Bad Cat The Movie 2018 HDRip XviD AC3-EVO.torrent
  Good announce eludes me.  Trying to pause and resume to retrigger.  Attempt: 4
  ... Pausing Bad Cat The Movie 2018 HDRip XviD AC3-EVO.torrent for .5 seconds
  ... Resumed Bad Cat The Movie 2018 HDRip XviD AC3-EVO.torrent
  Good announce eludes me.  Trying to pause and resume to retrigger.  Attempt: 5
  ... Pausing Bad Cat The Movie 2018 HDRip XviD AC3-EVO.torrent for .5 seconds
  ... Resumed Bad Cat The Movie 2018 HDRip XviD AC3-EVO.torrent
  Good announce eludes me.  Trying to pause and resume to retrigger.  Attempt: 6
  ... Pausing Bad Cat The Movie 2018 HDRip XviD AC3-EVO.torrent for .5 seconds
  ... Resumed Bad Cat The Movie 2018 HDRip XviD AC3-EVO.torrent
  Good announce eludes me.  Trying to pause and resume to retrigger.  Attempt: 7
  ... Pausing Bad Cat The Movie 2018 HDRip XviD AC3-EVO.torrent for .5 seconds
  ... Resumed Bad Cat The Movie 2018 HDRip XviD AC3-EVO.torrent
  Bingo! I got Bad Cat The Movie 2018 HDRip XviD AC3-EVO.torrent on retry 7
====================================================================================================
====================================================================================================
Mon 10 Sep 14:19:28 CDT 2018 -- Working on
        -- Name: Bad.Cat.The.Movie.2018.720p.WEB-DL.H264.AC3-EVO
        -- ID: ac5a3651502820f7e848c4e0ed63ccbf1d117f09
        -- Location: /media/sdaj1/your_home_dir/private/deluge/tl
        -- File: Bad Cat The Movie 2018 720p WEB-DL H264 AC3-EVO.torrent
  -----------------------------------------------------------------------------------------------
  Tracker status: torrentleech.org: Error: unregistered torrent
  Good announce eludes me.  Trying to pause and resume to retrigger.  Attempt: 1
  ... Pausing Bad Cat The Movie 2018 720p WEB-DL H264 AC3-EVO.torrent for .5 seconds
  ... Resumed Bad Cat The Movie 2018 720p WEB-DL H264 AC3-EVO.torrent
  Good announce eludes me.  Trying to pause and resume to retrigger.  Attempt: 2
  ... Pausing Bad Cat The Movie 2018 720p WEB-DL H264 AC3-EVO.torrent for .5 seconds
  ... Resumed Bad Cat The Movie 2018 720p WEB-DL H264 AC3-EVO.torrent
  Good announce eludes me.  Trying to pause and resume to retrigger.  Attempt: 3
  ... Pausing Bad Cat The Movie 2018 720p WEB-DL H264 AC3-EVO.torrent for .5 seconds
  ... Resumed Bad Cat The Movie 2018 720p WEB-DL H264 AC3-EVO.torrent
  Good announce eludes me.  Trying to pause and resume to retrigger.  Attempt: 4
  ... Pausing Bad Cat The Movie 2018 720p WEB-DL H264 AC3-EVO.torrent for .5 seconds
  ... Resumed Bad Cat The Movie 2018 720p WEB-DL H264 AC3-EVO.torrent
  Bingo! I got Bad Cat The Movie 2018 720p WEB-DL H264 AC3-EVO.torrent on retry 4
====================================================================================================
====================================================================================================
Mon 10 Sep 14:20:19 CDT 2018 -- Working on
        -- Name: Bad.Cat.The.Movie.2018.1080p.WEB-DL.H264.AC3-EVO
        -- ID: 43c9741bda1e1de0b941b8ae991d8b4dcbbc7341
        -- Location: /media/sdaj1/your_home_dir/private/deluge/tl
        -- File: Bad Cat The Movie 2018 1080p WEB-DL H264 AC3-EVO.torrent
  -----------------------------------------------------------------------------------------------
  Tracker status: torrentleech.org: Announce Sent
  Good announce eludes me.  Trying to pause and resume to retrigger.  Attempt: 1
  ... Pausing Bad Cat The Movie 2018 1080p WEB-DL H264 AC3-EVO.torrent for .5 seconds
  ... Resumed Bad Cat The Movie 2018 1080p WEB-DL H264 AC3-EVO.torrent
  Good announce eludes me.  Trying to pause and resume to retrigger.  Attempt: 2
  ... Pausing Bad Cat The Movie 2018 1080p WEB-DL H264 AC3-EVO.torrent for .5 seconds
  ... Resumed Bad Cat The Movie 2018 1080p WEB-DL H264 AC3-EVO.torrent
  Good announce eludes me.  Trying to pause and resume to retrigger.  Attempt: 3
  ... Pausing Bad Cat The Movie 2018 1080p WEB-DL H264 AC3-EVO.torrent for .5 seconds
  ... Resumed Bad Cat The Movie 2018 1080p WEB-DL H264 AC3-EVO.torrent
  Good announce eludes me.  Trying to pause and resume to retrigger.  Attempt: 4
  ... Pausing Bad Cat The Movie 2018 1080p WEB-DL H264 AC3-EVO.torrent for .5 seconds
  ... Resumed Bad Cat The Movie 2018 1080p WEB-DL H264 AC3-EVO.torrent
  Good announce eludes me.  Trying to pause and resume to retrigger.  Attempt: 5
  ... Pausing Bad Cat The Movie 2018 1080p WEB-DL H264 AC3-EVO.torrent for .5 seconds
  ... Resumed Bad Cat The Movie 2018 1080p WEB-DL H264 AC3-EVO.torrent
  Good announce eludes me.  Trying to pause and resume to retrigger.  Attempt: 6
  ... Pausing Bad Cat The Movie 2018 1080p WEB-DL H264 AC3-EVO.torrent for .5 seconds
  ... Resumed Bad Cat The Movie 2018 1080p WEB-DL H264 AC3-EVO.torrent
  Bingo! I got Bad Cat The Movie 2018 1080p WEB-DL H264 AC3-EVO.torrent on retry 6
====================================================================================================
====================================================================================================
Mon 10 Sep 14:28:09 CDT 2018 -- Working on
        -- Name: Final.Score.2018.720p.HDRip.X264.AC3-EVO
        -- ID: cc8115f0cb868834e0906202ce8ea8047f4a0c6e
        -- Location: /media/sdaj1/your_home_dir/private/deluge/tl
        -- File: Final Score 2018 720p HDRip X264 AC3-EVO.torrent
  -----------------------------------------------------------------------------------------------
  Tracker status: torrentleech.org: Error: unregistered torrent
  Good announce eludes me.  Trying to pause and resume to retrigger.  Attempt: 1
  ... Pausing Final Score 2018 720p HDRip X264 AC3-EVO.torrent for .5 seconds
  ... Resumed Final Score 2018 720p HDRip X264 AC3-EVO.torrent
  Bingo! I got Final Score 2018 720p HDRip X264 AC3-EVO.torrent on retry 1
====================================================================================================
====================================================================================================
Mon 10 Sep 14:28:53 CDT 2018 -- Working on
        -- Name: Final.Score.2018.HDRip.XviD.AC3-EVO
        -- ID: 4119c56e1d256f916065a31cb4614ab23fc80954
        -- Location: /media/sdaj1/your_home_dir/private/deluge/tl
        -- File: Final Score 2018 HDRip XviD AC3-EVO.torrent
  -----------------------------------------------------------------------------------------------
  Tracker status: torrentleech.org: Error: unregistered torrent
  Good announce eludes me.  Trying to pause and resume to retrigger.  Attempt: 1
  ... Pausing Final Score 2018 HDRip XviD AC3-EVO.torrent for .5 seconds
  ... Resumed Final Score 2018 HDRip XviD AC3-EVO.torrent
  Good announce eludes me.  Trying to pause and resume to retrigger.  Attempt: 2
  ... Pausing Final Score 2018 HDRip XviD AC3-EVO.torrent for .5 seconds
  ... Resumed Final Score 2018 HDRip XviD AC3-EVO.torrent
  Good announce eludes me.  Trying to pause and resume to retrigger.  Attempt: 3
  ... Pausing Final Score 2018 HDRip XviD AC3-EVO.torrent for .5 seconds
  ... Resumed Final Score 2018 HDRip XviD AC3-EVO.torrent
  Bingo! I got Final Score 2018 HDRip XviD AC3-EVO.torrent on retry 3
====================================================================================================
====================================================================================================
Mon 10 Sep 15:40:59 CDT 2018 -- Working on
        -- Name: Unfriended.Dark.Web.2018.720p.HC.HDRip.X264.AC3-EVO
        -- ID: a84587f73e6536ad31fb947c1a56a4693ce93e9b
        -- Location: /media/sdaj1/your_home_dir/private/deluge/tl
        -- File: Unfriended Dark Web 2018 720p HC HDRip X264 AC3-EVO.torrent
  -----------------------------------------------------------------------------------------------
  Tracker status: torrentleech.org: Error: unregistered torrent
  Good announce eludes me.  Trying to pause and resume to retrigger.  Attempt: 1
  ... Pausing Unfriended Dark Web 2018 720p HC HDRip X264 AC3-EVO.torrent for .5 seconds
  ... Resumed Unfriended Dark Web 2018 720p HC HDRip X264 AC3-EVO.torrent
  Good announce eludes me.  Trying to pause and resume to retrigger.  Attempt: 2
  ... Pausing Unfriended Dark Web 2018 720p HC HDRip X264 AC3-EVO.torrent for .5 seconds
  ... Resumed Unfriended Dark Web 2018 720p HC HDRip X264 AC3-EVO.torrent
  Good announce eludes me.  Trying to pause and resume to retrigger.  Attempt: 3
  ... Pausing Unfriended Dark Web 2018 720p HC HDRip X264 AC3-EVO.torrent for .5 seconds
  ... Resumed Unfriended Dark Web 2018 720p HC HDRip X264 AC3-EVO.torrent
  Bingo! I got Unfriended Dark Web 2018 720p HC HDRip X264 AC3-EVO.torrent on retry 3
====================================================================================================
====================================================================================================
Mon 10 Sep 15:59:48 CDT 2018 -- Working on
        -- Name: Solo.A.Star.Wars.Story.2018.BluRay.1080p.x264.DTS-HDChina.mkv
        -- ID: d15edb7a09125cf94876399d0db3a0a33b626dfa
        -- Location: /media/sdaj1/your_home_dir/private/deluge/tl
        -- File: Solo A Star Wars Story 2018 BluRay 1080p x264 DTS-HDChina mkv.torrent
  -----------------------------------------------------------------------------------------------
  Tracker status: torrentleech.org: Announce OK
  Woo-hoo... Found Solo A Star Wars Story 2018 BluRay 1080p x264 DTS-HDChina mkv.torrent on the first try
====================================================================================================
====================================================================================================
Mon 10 Sep 17:22:54 CDT 2018 -- Working on
        -- Name: Bee.Team.2018.DVDRip.XviD.AC3-EVO
        -- ID: f5f125a641e1f069666995997e3cf1faef54b16e
        -- Location: /media/sdaj1/your_home_dir/private/deluge/tl
        -- File: Bee Team 2018 DVDRip XviD AC3-EVO.torrent
  -----------------------------------------------------------------------------------------------
  Tracker status: torrentleech.org: Error: unregistered torrent
  Good announce eludes me.  Trying to pause and resume to retrigger.  Attempt: 1
  ... Pausing Bee Team 2018 DVDRip XviD AC3-EVO.torrent for .5 seconds
  ... Resumed Bee Team 2018 DVDRip XviD AC3-EVO.torrent
  Good announce eludes me.  Trying to pause and resume to retrigger.  Attempt: 2
  ... Pausing Bee Team 2018 DVDRip XviD AC3-EVO.torrent for .5 seconds
  ... Resumed Bee Team 2018 DVDRip XviD AC3-EVO.torrent
  Bingo! I got Bee Team 2018 DVDRip XviD AC3-EVO.torrent on retry 2
====================================================================================================

